{"error":{"clientVersion":"5.22.0","errorCode":"P1001","name":"PrismaClientInitializationError"},"level":"error","message":"Failed to start server","service":"crypto-wallet-api","timestamp":"2025-07-27T23:29:46.258Z"}
{"error":{},"level":"error","message":"Failed to generate Solana wallet","service":"crypto-wallet-api","timestamp":"2025-07-28T15:19:35.978Z"}
{"error":"BlockRadar API error: Address generated successfully","level":"error","message":"Failed to generate wallet address from BlockRadar API","service":"crypto-wallet-api","timestamp":"2025-07-28T15:37:28.889Z","userId":"29827cf3-cc66-4755-98ae-0364643551da"}
{"error":{},"level":"error","message":"Failed to create user wallets with BlockRadar","service":"crypto-wallet-api","timestamp":"2025-07-28T15:37:28.893Z","userId":"29827cf3-cc66-4755-98ae-0364643551da"}
{"email":"muhammedolanrewaju56@gmail.com","error":{},"level":"error","message":"Signup failed","service":"crypto-wallet-api","timestamp":"2025-07-28T15:37:28.896Z"}
{"error":{},"level":"error","message":"Signup error","service":"crypto-wallet-api","timestamp":"2025-07-28T15:37:28.898Z"}
{"email":"muhammedolanrewaju56@gmail.com","error":{},"level":"error","message":"Signup failed","service":"crypto-wallet-api","timestamp":"2025-07-28T15:41:05.762Z"}
{"error":{},"level":"error","message":"Signup error","service":"crypto-wallet-api","timestamp":"2025-07-28T15:41:05.767Z"}
{"error":"BlockRadar API error: Address generated successfully","level":"error","message":"Failed to generate wallet address from BlockRadar API","service":"crypto-wallet-api","timestamp":"2025-07-28T15:43:14.730Z","userId":"4f0f280f-c5e0-424b-889c-2be9a7f57b7a"}
{"error":{},"level":"error","message":"Failed to create user wallets with BlockRadar","service":"crypto-wallet-api","timestamp":"2025-07-28T15:43:14.735Z","userId":"4f0f280f-c5e0-424b-889c-2be9a7f57b7a"}
{"email":"muhammedolanrewaju56@gmail.com","error":{},"level":"error","message":"Signup failed","service":"crypto-wallet-api","timestamp":"2025-07-28T15:43:14.737Z"}
{"error":{},"level":"error","message":"Signup error","service":"crypto-wallet-api","timestamp":"2025-07-28T15:43:14.740Z"}
{"error":"BlockRadar API error: Address generated successfully","level":"error","message":"Failed to generate wallet address from BlockRadar API","service":"crypto-wallet-api","timestamp":"2025-07-28T15:45:21.491Z","userId":"b29ed6f6-61f6-411c-ba98-2d36789d0a79"}
{"error":{},"level":"error","message":"Failed to create user wallets with BlockRadar","service":"crypto-wallet-api","timestamp":"2025-07-28T15:45:21.495Z","userId":"b29ed6f6-61f6-411c-ba98-2d36789d0a79"}
{"email":"muhammedolanrewaju56@gmail.com","error":{},"level":"error","message":"Signup failed","service":"crypto-wallet-api","timestamp":"2025-07-28T15:45:21.498Z"}
{"error":{},"level":"error","message":"Signup error","service":"crypto-wallet-api","timestamp":"2025-07-28T15:45:21.502Z"}
{"error":"BlockRadar API error: Address generated successfully","level":"error","message":"Failed to generate wallet address from BlockRadar API","service":"crypto-wallet-api","timestamp":"2025-07-28T15:46:45.542Z","userId":"7dc62abb-ea24-4cca-ae7c-77af3512b45a"}
{"error":{},"level":"error","message":"Failed to create user wallets with BlockRadar","service":"crypto-wallet-api","timestamp":"2025-07-28T15:46:45.545Z","userId":"7dc62abb-ea24-4cca-ae7c-77af3512b45a"}
{"email":"muhammedolanrewaju56@gmail.com","error":{},"level":"error","message":"Signup failed","service":"crypto-wallet-api","timestamp":"2025-07-28T15:46:45.551Z"}
{"error":{},"level":"error","message":"Signup error","service":"crypto-wallet-api","timestamp":"2025-07-28T15:46:45.554Z"}
{"error":{"clientVersion":"5.22.0","code":"P2002","meta":{"modelName":"Wallet","target":["address"]},"name":"PrismaClientKnownRequestError"},"level":"error","message":"Failed to create user wallets with BlockRadar","service":"crypto-wallet-api","timestamp":"2025-07-28T15:49:50.520Z","userId":"457c4f8a-d048-4c80-8149-2dc99439c831"}
{"email":"muhammedolanrewaju56@gmail.com","error":{},"level":"error","message":"Signup failed","service":"crypto-wallet-api","timestamp":"2025-07-28T15:49:50.524Z"}
{"error":{},"level":"error","message":"Signup error","service":"crypto-wallet-api","timestamp":"2025-07-28T15:49:50.527Z"}
{"error":{"clientVersion":"5.22.0","code":"P2002","meta":{"modelName":"Wallet","target":["address"]},"name":"PrismaClientKnownRequestError"},"level":"error","message":"Failed to create user wallets with BlockRadar","service":"crypto-wallet-api","timestamp":"2025-07-28T15:52:21.616Z","userId":"a88ebfe7-ace1-48a4-afc6-60b5f1759ad6"}
{"email":"muhammedolanrewaju56@gmail.com","error":{},"level":"error","message":"Signup failed","service":"crypto-wallet-api","timestamp":"2025-07-28T15:52:21.623Z"}
{"error":{},"level":"error","message":"Signup error","service":"crypto-wallet-api","timestamp":"2025-07-28T15:52:21.626Z"}
{"email":"muhammedolanrewaju56@gmail.com","error":{},"level":"error","message":"Signup failed","service":"crypto-wallet-api","timestamp":"2025-07-28T16:15:40.399Z"}
{"error":{},"level":"error","message":"Signup error","service":"crypto-wallet-api","timestamp":"2025-07-28T16:15:40.400Z"}
{"error":{"clientVersion":"5.22.0","code":"P2002","meta":{"modelName":"Wallet","target":["address"]},"name":"PrismaClientKnownRequestError"},"level":"error","message":"Failed to create user wallets with BlockRadar","service":"crypto-wallet-api","timestamp":"2025-07-28T16:16:13.531Z","userId":"e188a8d8-eb6d-4048-b887-093a2d767358"}
{"email":"muhammedolanrewaju56@gmail.com","error":{},"level":"error","message":"Signup failed","service":"crypto-wallet-api","timestamp":"2025-07-28T16:16:13.532Z"}
{"error":{},"level":"error","message":"Signup error","service":"crypto-wallet-api","timestamp":"2025-07-28T16:16:13.533Z"}
{"error":{"clientVersion":"5.22.0","name":"PrismaClientValidationError"},"level":"error","message":"Login failed","service":"crypto-wallet-api","timestamp":"2025-07-28T16:37:12.245Z"}
{"error":{"clientVersion":"5.22.0","name":"PrismaClientValidationError"},"level":"error","message":"Login error","service":"crypto-wallet-api","timestamp":"2025-07-28T16:37:12.246Z"}
{"error":{"clientVersion":"5.22.0","name":"PrismaClientValidationError"},"level":"error","message":"Login failed","service":"crypto-wallet-api","timestamp":"2025-07-28T16:37:58.811Z"}
{"error":{"clientVersion":"5.22.0","name":"PrismaClientValidationError"},"level":"error","message":"Login error","service":"crypto-wallet-api","timestamp":"2025-07-28T16:37:58.815Z"}
{"error":{"clientVersion":"5.22.0","name":"PrismaClientValidationError"},"level":"error","message":"Login failed","service":"crypto-wallet-api","timestamp":"2025-07-28T16:39:59.002Z"}
{"error":{"clientVersion":"5.22.0","name":"PrismaClientValidationError"},"level":"error","message":"Login error","service":"crypto-wallet-api","timestamp":"2025-07-28T16:39:59.004Z"}
{"error":{},"level":"error","message":"Session validation failed","service":"crypto-wallet-api","timestamp":"2025-07-28T16:45:02.796Z"}
{"error":{},"level":"error","message":"Authentication failed","service":"crypto-wallet-api","timestamp":"2025-07-28T16:45:02.801Z"}
{"email":"muhammedolanrewaju56@gmail.com","error":{},"level":"error","message":"Signup failed","service":"crypto-wallet-api","timestamp":"2025-07-29T00:45:04.636Z"}
{"error":{},"level":"error","message":"Signup error","service":"crypto-wallet-api","timestamp":"2025-07-29T00:45:04.640Z"}
{"error":"Request failed with status code 522","level":"error","message":"Korapay NIN verification error","ninNumber":"547****3367","service":"crypto-wallet-api","timestamp":"2025-07-29T00:51:06.753Z"}
{"error":"Request failed with status code 522","level":"error","message":"Korapay NIN verification error","ninNumber":"547****3367","service":"crypto-wallet-api","timestamp":"2025-07-29T00:53:30.486Z"}
{"error":"Request failed with status code 404","level":"error","message":"Korapay NIN verification error","ninNumber":"547****3367","service":"crypto-wallet-api","timestamp":"2025-07-29T00:55:05.788Z"}
{"error":"Request failed with status code 404","level":"error","message":"Korapay NIN verification error","ninNumber":"547****3367","service":"crypto-wallet-api","timestamp":"2025-07-29T00:56:07.928Z"}
{"error":"ECONNREFUSED","level":"error","message":"Korapay NIN verification error","ninNumber":"547****3367","service":"crypto-wallet-api","timestamp":"2025-07-29T00:58:19.011Z"}
{"error":{},"level":"error","message":"Session validation failed","service":"crypto-wallet-api","timestamp":"2025-07-29T01:00:26.851Z"}
{"error":{},"level":"error","message":"Authentication failed","service":"crypto-wallet-api","timestamp":"2025-07-29T01:00:26.854Z"}
{"email":"lanhubs.dev@gmail.com","error":{},"level":"error","message":"Login failed","service":"crypto-wallet-api","timestamp":"2025-07-29T01:00:55.776Z"}
{"error":{},"level":"error","message":"Login error","service":"crypto-wallet-api","timestamp":"2025-07-29T01:00:55.777Z"}
{"email":"lanhubs.dev@gmail.com","error":{},"level":"error","message":"Login failed","service":"crypto-wallet-api","timestamp":"2025-07-29T01:01:47.632Z"}
{"error":{},"level":"error","message":"Login error","service":"crypto-wallet-api","timestamp":"2025-07-29T01:01:47.635Z"}
{"email":"lanhubs.dev@gmail.com","error":{},"level":"error","message":"Login failed","service":"crypto-wallet-api","timestamp":"2025-07-29T01:02:34.930Z"}
{"error":{},"level":"error","message":"Login error","service":"crypto-wallet-api","timestamp":"2025-07-29T01:02:34.934Z"}
{"error":"Request failed with status code 422","level":"error","message":"Korapay NIN verification error","ninNumber":"547****3367","service":"crypto-wallet-api","timestamp":"2025-07-29T01:04:11.118Z"}
{"error":"Request failed with status code 404","level":"error","message":"Korapay NIN verification error","ninNumber":"547****3367","service":"crypto-wallet-api","timestamp":"2025-07-29T01:05:06.663Z"}
{"error":"Request failed with status code 404","level":"error","message":"Korapay NIN verification error","ninNumber":"547****3367","service":"crypto-wallet-api","timestamp":"2025-07-29T01:05:28.322Z"}
{"error":"Request failed with status code 404","level":"error","message":"Korapay NIN verification error","ninNumber":"547****3367","service":"crypto-wallet-api","timestamp":"2025-07-29T12:54:18.614Z"}
{"error":{},"level":"error","message":"Session validation failed","service":"crypto-wallet-api","timestamp":"2025-07-29T13:17:31.262Z"}
{"error":{},"level":"error","message":"Authentication failed","service":"crypto-wallet-api","timestamp":"2025-07-29T13:17:31.263Z"}
{"email":"lanhubs.dev@gmail.com","error":{},"level":"error","message":"Login failed","service":"crypto-wallet-api","timestamp":"2025-07-29T13:18:53.737Z"}
{"error":{},"level":"error","message":"Login error","service":"crypto-wallet-api","timestamp":"2025-07-29T13:18:53.739Z"}
{"email":"lanhubs.dev@gmail.com","error":{},"level":"error","message":"Login failed","service":"crypto-wallet-api","timestamp":"2025-07-29T13:19:22.373Z"}
{"error":{},"level":"error","message":"Login error","service":"crypto-wallet-api","timestamp":"2025-07-29T13:19:22.375Z"}
{"email":"lanhubs.dev@gmail.com","error":{},"level":"error","message":"Login failed","service":"crypto-wallet-api","timestamp":"2025-07-29T13:19:23.644Z"}
{"error":{},"level":"error","message":"Login error","service":"crypto-wallet-api","timestamp":"2025-07-29T13:19:23.646Z"}
{"email":"lanhubs.dev@gmail.com","error":{},"level":"error","message":"Login failed","service":"crypto-wallet-api","timestamp":"2025-07-29T13:20:26.065Z"}
{"error":{},"level":"error","message":"Login error","service":"crypto-wallet-api","timestamp":"2025-07-29T13:20:26.066Z"}
{"email":"lanhubs.dev@gmail.com","error":{},"level":"error","message":"Login failed","service":"crypto-wallet-api","timestamp":"2025-07-29T13:20:27.348Z"}
{"error":{},"level":"error","message":"Login error","service":"crypto-wallet-api","timestamp":"2025-07-29T13:20:27.349Z"}
{"error":"JSON Parse error: Unexpected EOF","ip":"::1","level":"error","message":"Unhandled error","method":"GET","path":"/api/auth/refresh","service":"crypto-wallet-api","stack":"SyntaxError: JSON Parse error: Unexpected EOF\n    at <parse> (:0)\n    at parse (unknown)\n    at createStrictSyntaxError (C:\\Users\\LENOVO\\Desktop\\Projects\\pay-mass\\server\\node_modules\\body-parser\\lib\\types\\json.js:169:10)\n    at parse (C:\\Users\\LENOVO\\Desktop\\Projects\\pay-mass\\server\\node_modules\\body-parser\\lib\\types\\json.js:86:15)\n    at <anonymous> (C:\\Users\\LENOVO\\Desktop\\Projects\\pay-mass\\server\\node_modules\\body-parser\\lib\\read.js:128:18)\n    at runInAsyncScope (node:async_hooks:137:23)\n    at invokeCallback (C:\\Users\\LENOVO\\Desktop\\Projects\\pay-mass\\server\\node_modules\\raw-body\\index.js:238:16)\n    at done (C:\\Users\\LENOVO\\Desktop\\Projects\\pay-mass\\server\\node_modules\\raw-body\\index.js:227:7)\n    at onEnd (C:\\Users\\LENOVO\\Desktop\\Projects\\pay-mass\\server\\node_modules\\raw-body\\index.js:287:7)\n    at emit (node:events:92:22)\n    at endReadableNT (internal:streams/readable:861:50)\n    at processTicksAndRejections (native:7:39)","timestamp":"2025-07-29T13:23:32.298Z"}
{"error":"Request failed with status code 404","level":"error","message":"Korapay NIN verification error","ninNumber":"547****3367","service":"crypto-wallet-api","timestamp":"2025-07-29T13:25:13.015Z"}
{"error":"Request failed with status code 404","level":"error","message":"Korapay NIN verification error","ninNumber":"622****4103","service":"crypto-wallet-api","timestamp":"2025-07-29T13:26:36.611Z"}
{"error":{"clientVersion":"5.22.0","name":"PrismaClientValidationError"},"level":"error","message":"Failed to create user wallets with BlockRadar","service":"crypto-wallet-api","timestamp":"2025-07-29T15:46:10.768Z","userId":"39eb0def-7647-4aea-aeb8-9ee94e55e0d9"}
{"email":"lanhubsdev@gmail.com","error":{},"level":"error","message":"Signup failed","service":"crypto-wallet-api","timestamp":"2025-07-29T15:46:10.769Z"}
{"error":{},"level":"error","message":"Signup error","service":"crypto-wallet-api","timestamp":"2025-07-29T15:46:10.770Z"}
{"email":"lanhubsdev@gmail.com","error":{},"level":"error","message":"Signup failed","service":"crypto-wallet-api","timestamp":"2025-07-29T15:47:57.635Z"}
{"error":{},"level":"error","message":"Signup error","service":"crypto-wallet-api","timestamp":"2025-07-29T15:47:57.637Z"}
{"error":{"clientVersion":"5.22.0","name":"PrismaClientValidationError"},"level":"error","message":"Failed to create user wallets with BlockRadar","service":"crypto-wallet-api","timestamp":"2025-07-29T15:48:21.997Z","userId":"b8e3a053-b26e-4c4f-92ba-edf0aa4a8818"}
{"email":"lanhubsdev@gmail.com","error":{},"level":"error","message":"Signup failed","service":"crypto-wallet-api","timestamp":"2025-07-29T15:48:22.003Z"}
{"error":{},"level":"error","message":"Signup error","service":"crypto-wallet-api","timestamp":"2025-07-29T15:48:22.005Z"}
{"error":{"clientVersion":"5.22.0","name":"PrismaClientValidationError"},"level":"error","message":"Failed to create user wallets with BlockRadar","service":"crypto-wallet-api","timestamp":"2025-07-29T15:50:48.280Z","userId":"f330e98a-3044-4f09-be1a-ecae5cb532cf"}
{"email":"lanhubsdev@gmail.com","error":{},"level":"error","message":"Signup failed","service":"crypto-wallet-api","timestamp":"2025-07-29T15:50:48.281Z"}
{"error":{},"level":"error","message":"Signup error","service":"crypto-wallet-api","timestamp":"2025-07-29T15:50:48.315Z"}
{"error":{"code":"ERR_BAD_REQUEST","config":{"adapter":["xhr","http","fetch"],"allowAbsoluteUrls":true,"baseURL":"https://api.blockradar.co/v1/wallets/d73d568f-ef25-492b-b887-efa95bd958fa","data":"{\"assetId\":\"eaea271d-747d-4c26-a2c8-d9bb30e084a3\",\"address\":\"BEAN8zs8mUFeFj431WTg33CQPDi1UUCvJLmtUem2jB5d\",\"amount\":20,\"reference\":\"\",\"metadata\":{\"senderId\":\"\"}}","env":{},"headers":{"Accept":"application/json, text/plain, */*","Accept-Encoding":"gzip, compress, deflate, br","Content-Length":"161","Content-Type":"application/json","User-Agent":"axios/1.11.0","x-api-key":"uiHZr7eT3C3SdrySlSYHzSLIl75Ns4hVkhzpHsu6seARtbgG7X6S9GFDBkibaZk"},"maxBodyLength":-1,"maxContentLength":-1,"method":"post","timeout":20000,"transformRequest":[null],"transformResponse":[null],"transitional":{"clarifyTimeoutError":false,"forcedJSONParsing":true,"silentJSONParsing":true},"url":"/withdraw","withCredentials":true,"xsrfCookieName":"XSRF-TOKEN","xsrfHeaderName":"X-XSRF-TOKEN"},"message":"Request failed with status code 404","name":"AxiosError","stack":"Error\n    at settle (C:\\Users\\LENOVO\\Desktop\\Projects\\pay-mass\\server\\node_modules\\axios\\lib\\core\\settle.js:19:16)\n    at handleStreamEnd (C:\\Users\\LENOVO\\Desktop\\Projects\\pay-mass\\server\\node_modules\\axios\\lib\\adapters\\http.js:599:11)\n    at emit (node:events:92:22)\n    at endReadableNT (internal:streams/readable:861:50)\n    at processTicksAndRejections (native:7:39)\n    at request (C:\\Users\\LENOVO\\Desktop\\Projects\\pay-mass\\server\\node_modules\\axios\\lib\\core\\Axios.js:45:41)\n    at processTicksAndRejections (native:7:39)","status":404},"level":"error","message":"Network error","service":"crypto-wallet-api","timestamp":"2025-07-29T15:57:14.099Z"}
{"email":"lanhubs.dev@gmail.com","error":{},"level":"error","message":"Login failed","service":"crypto-wallet-api","timestamp":"2025-07-31T12:50:34.069Z"}
{"error":{},"level":"error","message":"Login error","service":"crypto-wallet-api","timestamp":"2025-07-31T12:50:34.076Z"}
{"email":"lanhubs.dev@gmail.com","error":{},"level":"error","message":"Login failed","service":"crypto-wallet-api","timestamp":"2025-07-31T12:53:00.214Z"}
{"error":{},"level":"error","message":"Login error","service":"crypto-wallet-api","timestamp":"2025-07-31T12:53:00.218Z"}
{"email":"lanhubs.dev@gmail.com","error":{},"level":"error","message":"Login failed","service":"crypto-wallet-api","timestamp":"2025-07-31T12:55:11.481Z"}
{"error":{},"level":"error","message":"Login error","service":"crypto-wallet-api","timestamp":"2025-07-31T12:55:11.485Z"}
{"email":"lanhubs.dev@gmail.com","error":{"clientVersion":"5.22.0","code":"P2025","name":"NotFoundError"},"level":"error","message":"Login failed","service":"crypto-wallet-api","timestamp":"2025-07-31T12:55:51.432Z"}
{"error":{"clientVersion":"5.22.0","code":"P2025","name":"NotFoundError"},"level":"error","message":"Login error","service":"crypto-wallet-api","timestamp":"2025-07-31T12:55:51.436Z"}
{"email":"lanhubs.dev@gmail.com","error":{},"level":"error","message":"Login failed","service":"crypto-wallet-api","timestamp":"2025-07-31T12:56:16.615Z"}
{"error":{},"level":"error","message":"Login error","service":"crypto-wallet-api","timestamp":"2025-07-31T12:56:16.618Z"}
{"email":"lanhubs.dev@gmail.com","error":{},"level":"error","message":"Login failed","service":"crypto-wallet-api","timestamp":"2025-07-31T13:01:06.087Z"}
{"error":{},"level":"error","message":"Login error","service":"crypto-wallet-api","timestamp":"2025-07-31T13:01:06.088Z"}
{"email":"lanhubs.dev@gmail.com","error":{},"level":"error","message":"Login failed","service":"crypto-wallet-api","timestamp":"2025-07-31T13:11:38.875Z"}
{"error":{},"level":"error","message":"Login error","service":"crypto-wallet-api","timestamp":"2025-07-31T13:11:38.878Z"}
{"email":"lanhubs.dev@gmail.com","error":{},"level":"error","message":"Login failed","service":"crypto-wallet-api","timestamp":"2025-07-31T14:15:48.614Z"}
{"error":{},"level":"error","message":"Login error","service":"crypto-wallet-api","timestamp":"2025-07-31T14:15:48.618Z"}
{"email":"lanhubsdev@gmail.com","error":{},"level":"error","message":"Signup failed","service":"crypto-wallet-api","timestamp":"2025-07-31T14:15:53.152Z"}
{"error":{},"level":"error","message":"Signup error","service":"crypto-wallet-api","timestamp":"2025-07-31T14:15:53.158Z"}
{"email":"lanhubsdev@gmail.com","error":{},"level":"error","message":"Signup failed","service":"crypto-wallet-api","timestamp":"2025-07-31T14:16:15.519Z"}
{"error":{},"level":"error","message":"Signup error","service":"crypto-wallet-api","timestamp":"2025-07-31T14:16:15.522Z"}
{"email":"lanhubsdev@gmail.com","error":{},"level":"error","message":"Signup failed","service":"crypto-wallet-api","timestamp":"2025-07-31T14:16:52.191Z"}
{"error":{},"level":"error","message":"Signup error","service":"crypto-wallet-api","timestamp":"2025-07-31T14:16:52.193Z"}
{"email":"lanhubs.dev@gmail.com","error":{},"level":"error","message":"Login failed","service":"crypto-wallet-api","timestamp":"2025-07-31T14:18:02.033Z"}
{"error":{},"level":"error","message":"Login error","service":"crypto-wallet-api","timestamp":"2025-07-31T14:18:02.039Z"}
{"email":"lanhubs.dev@gmail.com","error":{},"level":"error","message":"Login failed","service":"crypto-wallet-api","timestamp":"2025-07-31T14:22:32.345Z"}
{"error":{},"level":"error","message":"Login error","service":"crypto-wallet-api","timestamp":"2025-07-31T14:22:32.348Z"}
{"email":"lanhubs.dev@gmail.com","error":{},"level":"error","message":"Login failed","service":"crypto-wallet-api","timestamp":"2025-07-31T14:23:12.432Z"}
{"error":{},"level":"error","message":"Login error","service":"crypto-wallet-api","timestamp":"2025-07-31T14:23:12.435Z"}
{"email":"lanhubs.dev@gmail.com","error":{},"level":"error","message":"Login failed","service":"crypto-wallet-api","timestamp":"2025-07-31T14:26:53.942Z"}
{"error":{},"level":"error","message":"Login error","service":"crypto-wallet-api","timestamp":"2025-07-31T14:26:53.946Z"}
{"email":"lanhubs.dev@gmail.com","error":{},"level":"error","message":"Login failed","service":"crypto-wallet-api","timestamp":"2025-07-31T14:28:38.896Z"}
{"error":{},"level":"error","message":"Login error","service":"crypto-wallet-api","timestamp":"2025-07-31T14:28:38.901Z"}
{"error":{"clientVersion":"6.13.0","errorCode":"P1001","name":"PrismaClientInitializationError"},"level":"error","message":"Failed to start server","service":"crypto-wallet-api","timestamp":"2025-07-31T14:38:57.237Z"}
{"error":{"clientVersion":"6.13.0","errorCode":"P1001","name":"PrismaClientInitializationError"},"level":"error","message":"Failed to start server","service":"crypto-wallet-api","timestamp":"2025-07-31T14:39:27.887Z"}
{"email":"lanhubs.dev@gmail.com","error":{},"level":"error","message":"Login failed","service":"crypto-wallet-api","timestamp":"2025-07-31T14:39:55.136Z"}
{"error":{},"level":"error","message":"Login error","service":"crypto-wallet-api","timestamp":"2025-07-31T14:39:55.139Z"}
{"error":{"clientVersion":"6.13.0","errorCode":"P1001","name":"PrismaClientInitializationError"},"level":"error","message":"Failed to start server","service":"crypto-wallet-api","timestamp":"2025-07-31T14:40:31.023Z"}
{"email":"lanhubs.dev@gmail.com","error":{"clientVersion":"6.13.0","name":"PrismaClientInitializationError"},"level":"error","message":"Login failed","service":"crypto-wallet-api","timestamp":"2025-07-31T14:41:03.545Z"}
{"error":{"clientVersion":"6.13.0","name":"PrismaClientInitializationError"},"level":"error","message":"Login error","service":"crypto-wallet-api","timestamp":"2025-07-31T14:41:03.547Z"}
{"email":"lanhubs.dev@gmail.com","error":{},"level":"error","message":"Login failed","service":"crypto-wallet-api","timestamp":"2025-07-31T14:41:31.783Z"}
{"error":{},"level":"error","message":"Login error","service":"crypto-wallet-api","timestamp":"2025-07-31T14:41:31.785Z"}
{"error":{"clientVersion":"6.13.0","errorCode":"P1001","name":"PrismaClientInitializationError"},"level":"error","message":"Failed to start server","service":"crypto-wallet-api","timestamp":"2025-07-31T14:41:48.582Z"}
{"error":{"clientVersion":"6.13.0","errorCode":"P1001","name":"PrismaClientInitializationError"},"level":"error","message":"Failed to start server","service":"crypto-wallet-api","timestamp":"2025-07-31T14:42:42.935Z"}
{"error":{"clientVersion":"6.13.0","errorCode":"P1001","name":"PrismaClientInitializationError"},"level":"error","message":"Failed to start server","service":"crypto-wallet-api","timestamp":"2025-07-31T14:42:57.188Z"}
{"error":{"clientVersion":"6.13.0","errorCode":"P1001","name":"PrismaClientInitializationError"},"level":"error","message":"Failed to start server","service":"crypto-wallet-api","timestamp":"2025-07-31T14:43:08.154Z"}
{"error":{"clientVersion":"6.13.0","errorCode":"P1001","name":"PrismaClientInitializationError"},"level":"error","message":"Failed to start server","service":"crypto-wallet-api","timestamp":"2025-07-31T14:43:27.659Z"}
{"email":"lanhubs.dev@gmail.com","error":{},"level":"error","message":"Login failed","service":"crypto-wallet-api","timestamp":"2025-07-31T14:44:04.277Z"}
{"error":{},"level":"error","message":"Login error","service":"crypto-wallet-api","timestamp":"2025-07-31T14:44:04.280Z"}
{"error":{"clientVersion":"6.13.0","errorCode":"P1001","name":"PrismaClientInitializationError"},"level":"error","message":"Failed to start server","service":"crypto-wallet-api","timestamp":"2025-07-31T14:44:37.776Z"}
{"error":{"code":"ERR_BAD_REQUEST","config":{"adapter":["xhr","http","fetch"],"allowAbsoluteUrls":true,"baseURL":"https://api.blockradar.co/v1/wallets/d73d568f-ef25-492b-b887-efa95bd958fa","data":"{\"assetId\":\"6ebf5c18-d580-4bb7-b85e-1fe0d53d0273\",\"address\":\"BEAN8zs8mUFeFj431WTg33CQPDi1UUCvJLmtUem2jB5d\",\"amount\":20,\"reference\":\"\",\"metadata\":{\"senderId\":\"\"}}","env":{},"headers":{"Accept":"application/json, text/plain, */*","Accept-Encoding":"gzip, compress, deflate, br","Content-Length":"161","Content-Type":"application/json","User-Agent":"axios/1.11.0","x-api-key":"uiHZr7eT3C3SdrySlSYHzSLIl75Ns4hVkhzpHsu6seARtbgG7X6S9GFDBkibaZk"},"maxBodyLength":-1,"maxContentLength":-1,"method":"post","timeout":20000,"transformRequest":[null],"transformResponse":[null],"transitional":{"clarifyTimeoutError":false,"forcedJSONParsing":true,"silentJSONParsing":true},"url":"/withdraw","withCredentials":true,"xsrfCookieName":"XSRF-TOKEN","xsrfHeaderName":"X-XSRF-TOKEN"},"message":"Request failed with status code 404","name":"AxiosError","stack":"Error\n    at settle (C:\\Users\\LENOVO\\Desktop\\Projects\\pay-mass\\server\\node_modules\\axios\\lib\\core\\settle.js:19:16)\n    at handleStreamEnd (C:\\Users\\LENOVO\\Desktop\\Projects\\pay-mass\\server\\node_modules\\axios\\lib\\adapters\\http.js:599:11)\n    at emit (node:events:92:22)\n    at endReadableNT (internal:streams/readable:861:50)\n    at processTicksAndRejections (native:7:39)\n    at request (C:\\Users\\LENOVO\\Desktop\\Projects\\pay-mass\\server\\node_modules\\axios\\lib\\core\\Axios.js:45:41)\n    at processTicksAndRejections (native:7:39)","status":404},"level":"error","message":"Network error","service":"crypto-wallet-api","timestamp":"2025-07-31T15:27:39.465Z"}
{"error":{"code":"ERR_BAD_REQUEST","config":{"adapter":["xhr","http","fetch"],"allowAbsoluteUrls":true,"baseURL":"https://api.blockradar.co/v1/wallets/d73d568f-ef25-492b-b887-efa95bd958fa","data":"{\"assetId\":\"6ebf5c18-d580-4bb7-b85e-1fe0d53d0273\",\"address\":\"BEAN8zs8mUFeFj431WTg33CQPDi1UUCvJLmtUem2jB5d\",\"amount\":20,\"reference\":\"\",\"metadata\":{\"senderId\":\"\"}}","env":{},"headers":{"Accept":"application/json, text/plain, */*","Accept-Encoding":"gzip, compress, deflate, br","Content-Length":"161","Content-Type":"application/json","User-Agent":"axios/1.11.0","x-api-key":"uiHZr7eT3C3SdrySlSYHzSLIl75Ns4hVkhzpHsu6seARtbgG7X6S9GFDBkibaZk"},"maxBodyLength":-1,"maxContentLength":-1,"method":"post","timeout":20000,"transformRequest":[null],"transformResponse":[null],"transitional":{"clarifyTimeoutError":false,"forcedJSONParsing":true,"silentJSONParsing":true},"url":"/withdraw","withCredentials":true,"xsrfCookieName":"XSRF-TOKEN","xsrfHeaderName":"X-XSRF-TOKEN"},"message":"Request failed with status code 404","name":"AxiosError","stack":"Error\n    at settle (C:\\Users\\LENOVO\\Desktop\\Projects\\pay-mass\\server\\node_modules\\axios\\lib\\core\\settle.js:19:16)\n    at handleStreamEnd (C:\\Users\\LENOVO\\Desktop\\Projects\\pay-mass\\server\\node_modules\\axios\\lib\\adapters\\http.js:599:11)\n    at emit (node:events:92:22)\n    at endReadableNT (internal:streams/readable:861:50)\n    at processTicksAndRejections (native:7:39)\n    at request (C:\\Users\\LENOVO\\Desktop\\Projects\\pay-mass\\server\\node_modules\\axios\\lib\\core\\Axios.js:45:41)\n    at processTicksAndRejections (native:7:39)","status":404},"level":"error","message":"Network error","service":"crypto-wallet-api","timestamp":"2025-07-31T15:29:43.412Z"}
{"error":{"code":"ERR_BAD_REQUEST","config":{"adapter":["xhr","http","fetch"],"allowAbsoluteUrls":true,"baseURL":"https://api.blockradar.co/v1/wallets/d73d568f-ef25-492b-b887-efa95bd958fa","data":"{\"assetId\":\"6ebf5c18-d580-4bb7-b85e-1fe0d53d0273\",\"address\":\"BEAN8zs8mUFeFj431WTg33CQPDi1UUCvJLmtUem2jB5d\",\"amount\":20,\"reference\":\"\",\"metadata\":{\"senderId\":\"\"}}","env":{},"headers":{"Accept":"application/json, text/plain, */*","Accept-Encoding":"gzip, compress, deflate, br","Content-Length":"161","Content-Type":"application/json","User-Agent":"axios/1.11.0","x-api-key":"uiHZr7eT3C3SdrySlSYHzSLIl75Ns4hVkhzpHsu6seARtbgG7X6S9GFDBkibaZk"},"maxBodyLength":-1,"maxContentLength":-1,"method":"post","timeout":20000,"transformRequest":[null],"transformResponse":[null],"transitional":{"clarifyTimeoutError":false,"forcedJSONParsing":true,"silentJSONParsing":true},"url":"/withdraw","withCredentials":true,"xsrfCookieName":"XSRF-TOKEN","xsrfHeaderName":"X-XSRF-TOKEN"},"message":"Request failed with status code 404","name":"AxiosError","stack":"Error\n    at settle (C:\\Users\\LENOVO\\Desktop\\Projects\\pay-mass\\server\\node_modules\\axios\\lib\\core\\settle.js:19:16)\n    at handleStreamEnd (C:\\Users\\LENOVO\\Desktop\\Projects\\pay-mass\\server\\node_modules\\axios\\lib\\adapters\\http.js:599:11)\n    at emit (node:events:92:22)\n    at endReadableNT (internal:streams/readable:861:50)\n    at processTicksAndRejections (native:7:39)\n    at request (C:\\Users\\LENOVO\\Desktop\\Projects\\pay-mass\\server\\node_modules\\axios\\lib\\core\\Axios.js:45:41)\n    at processTicksAndRejections (native:7:39)","status":404},"level":"error","message":"Network error","service":"crypto-wallet-api","timestamp":"2025-07-31T15:30:43.145Z"}
{"error":"undefined is not an object (evaluating 'walletData.asset.id')","level":"error","message":"Failed to generate wallet address from BlockRadar API","service":"crypto-wallet-api","timestamp":"2025-08-01T03:22:49.104Z","userId":"bfa8807f-867e-48f3-9068-a96ad9eb84df"}
{"error":{},"level":"error","message":"Failed to create user wallets with BlockRadar","service":"crypto-wallet-api","timestamp":"2025-08-01T03:22:49.108Z","userId":"bfa8807f-867e-48f3-9068-a96ad9eb84df"}
{"email":"lanhubsdev@gmail.com","error":{},"level":"error","message":"Signup failed","service":"crypto-wallet-api","timestamp":"2025-08-01T03:22:49.112Z"}
{"error":{},"level":"error","message":"Signup error","service":"crypto-wallet-api","timestamp":"2025-08-01T03:22:49.116Z"}
{"error":{"code":"ERR_BAD_REQUEST","config":{"adapter":["xhr","http","fetch"],"allowAbsoluteUrls":true,"baseURL":"https://api.blockradar.co/v1/wallets/d73d568f-ef25-492b-b887-efa95bd958fa","data":"{\"assetId\":\"BwV7Vhb3B7SoVvcnmjh3BbPV74Ff4kVtRQ4fGaBcZxrb\",\"address\":\"81nwTHL4F6pKM3hMy7LDMH7sipF8ToWPcH4KrCUA2421\",\"amount\":20,\"reference\":\"\",\"metadata\":{\"senderId\":\"\"}}","env":{},"headers":{"Accept":"application/json, text/plain, */*","Accept-Encoding":"gzip, compress, deflate, br","Content-Length":"169","Content-Type":"application/json","User-Agent":"axios/1.11.0","x-api-key":"uiHZr7eT3C3SdrySlSYHzSLIl75Ns4hVkhzpHsu6seARtbgG7X6S9GFDBkibaZk"},"maxBodyLength":-1,"maxContentLength":-1,"method":"post","timeout":20000,"transformRequest":[null],"transformResponse":[null],"transitional":{"clarifyTimeoutError":false,"forcedJSONParsing":true,"silentJSONParsing":true},"url":"/withdraw","withCredentials":true,"xsrfCookieName":"XSRF-TOKEN","xsrfHeaderName":"X-XSRF-TOKEN"},"message":"Request failed with status code 400","name":"AxiosError","stack":"Error\n    at settle (C:\\Users\\LENOVO\\Desktop\\Projects\\pay-mass\\server\\node_modules\\axios\\lib\\core\\settle.js:19:16)\n    at handleStreamEnd (C:\\Users\\LENOVO\\Desktop\\Projects\\pay-mass\\server\\node_modules\\axios\\lib\\adapters\\http.js:599:11)\n    at emit (node:events:92:22)\n    at endReadableNT (internal:streams/readable:861:50)\n    at processTicksAndRejections (native:7:39)\n    at request (C:\\Users\\LENOVO\\Desktop\\Projects\\pay-mass\\server\\node_modules\\axios\\lib\\core\\Axios.js:45:41)\n    at processTicksAndRejections (native:7:39)","status":400},"level":"error","message":"Network error","service":"crypto-wallet-api","timestamp":"2025-08-01T03:37:37.636Z"}
{"error":{"code":"ERR_BAD_REQUEST","config":{"adapter":["xhr","http","fetch"],"allowAbsoluteUrls":true,"baseURL":"https://api.blockradar.co/v1/wallets/d73d568f-ef25-492b-b887-efa95bd958fa","data":"{\"assetId\":\"BwV7Vhb3B7SoVvcnmjh3BbPV74Ff4kVtRQ4fGaBcZxrb\",\"address\":\"81nwTHL4F6pKM3hMy7LDMH7sipF8ToWPcH4KrCUA2421\",\"amount\":20,\"reference\":\"\",\"metadata\":{\"senderId\":\"\"}}","env":{},"headers":{"Accept":"application/json, text/plain, */*","Accept-Encoding":"gzip, compress, deflate, br","Content-Length":"169","Content-Type":"application/json","User-Agent":"axios/1.11.0","x-api-key":"uiHZr7eT3C3SdrySlSYHzSLIl75Ns4hVkhzpHsu6seARtbgG7X6S9GFDBkibaZk"},"maxBodyLength":-1,"maxContentLength":-1,"method":"post","timeout":20000,"transformRequest":[null],"transformResponse":[null],"transitional":{"clarifyTimeoutError":false,"forcedJSONParsing":true,"silentJSONParsing":true},"url":"/withdraw","withCredentials":true,"xsrfCookieName":"XSRF-TOKEN","xsrfHeaderName":"X-XSRF-TOKEN"},"message":"Request failed with status code 400","name":"AxiosError","stack":"Error\n    at settle (C:\\Users\\LENOVO\\Desktop\\Projects\\pay-mass\\server\\node_modules\\axios\\lib\\core\\settle.js:19:16)\n    at handleStreamEnd (C:\\Users\\LENOVO\\Desktop\\Projects\\pay-mass\\server\\node_modules\\axios\\lib\\adapters\\http.js:599:11)\n    at emit (node:events:92:22)\n    at endReadableNT (internal:streams/readable:861:50)\n    at processTicksAndRejections (native:7:39)\n    at request (C:\\Users\\LENOVO\\Desktop\\Projects\\pay-mass\\server\\node_modules\\axios\\lib\\core\\Axios.js:45:41)\n    at processTicksAndRejections (native:7:39)","status":400},"level":"error","message":"Network error","service":"crypto-wallet-api","timestamp":"2025-08-01T03:39:35.000Z"}
{"error":{"code":"ERR_BAD_REQUEST","config":{"adapter":["xhr","http","fetch"],"allowAbsoluteUrls":true,"baseURL":"https://api.blockradar.co/v1/wallets/d73d568f-ef25-492b-b887-efa95bd958fa","data":"{\"assetId\":\"BwV7Vhb3B7SoVvcnmjh3BbPV74Ff4kVtRQ4fGaBcZxrb\",\"address\":\"81nwTHL4F6pKM3hMy7LDMH7sipF8ToWPcH4KrCUA2421\",\"amount\":20,\"reference\":\"\",\"metadata\":{\"senderId\":\"\"}}","env":{},"headers":{"Accept":"application/json, text/plain, */*","Accept-Encoding":"gzip, compress, deflate, br","Content-Length":"169","Content-Type":"application/json","User-Agent":"axios/1.11.0","x-api-key":"uiHZr7eT3C3SdrySlSYHzSLIl75Ns4hVkhzpHsu6seARtbgG7X6S9GFDBkibaZk"},"maxBodyLength":-1,"maxContentLength":-1,"method":"post","timeout":20000,"transformRequest":[null],"transformResponse":[null],"transitional":{"clarifyTimeoutError":false,"forcedJSONParsing":true,"silentJSONParsing":true},"url":"/withdraw","withCredentials":true,"xsrfCookieName":"XSRF-TOKEN","xsrfHeaderName":"X-XSRF-TOKEN"},"message":"Request failed with status code 400","name":"AxiosError","stack":"Error\n    at settle (C:\\Users\\LENOVO\\Desktop\\Projects\\pay-mass\\server\\node_modules\\axios\\lib\\core\\settle.js:19:16)\n    at handleStreamEnd (C:\\Users\\LENOVO\\Desktop\\Projects\\pay-mass\\server\\node_modules\\axios\\lib\\adapters\\http.js:599:11)\n    at emit (node:events:92:22)\n    at endReadableNT (internal:streams/readable:861:50)\n    at processTicksAndRejections (native:7:39)\n    at request (C:\\Users\\LENOVO\\Desktop\\Projects\\pay-mass\\server\\node_modules\\axios\\lib\\core\\Axios.js:45:41)\n    at processTicksAndRejections (native:7:39)","status":400},"level":"error","message":"Network error","service":"crypto-wallet-api","timestamp":"2025-08-01T03:40:55.714Z"}
{"error":{"code":"ERR_BAD_REQUEST","config":{"adapter":["xhr","http","fetch"],"allowAbsoluteUrls":true,"baseURL":"https://api.blockradar.co/v1/wallets/d73d568f-ef25-492b-b887-efa95bd958fa","data":"{\"assetId\":\"BwV7Vhb3B7SoVvcnmjh3BbPV74Ff4kVtRQ4fGaBcZxrb\",\"address\":\"81nwTHL4F6pKM3hMy7LDMH7sipF8ToWPcH4KrCUA2421\",\"amount\":20,\"reference\":\"\",\"metadata\":{\"senderId\":\"\"}}","env":{},"headers":{"Accept":"application/json, text/plain, */*","Accept-Encoding":"gzip, compress, deflate, br","Content-Length":"169","Content-Type":"application/json","User-Agent":"axios/1.11.0","x-api-key":"uiHZr7eT3C3SdrySlSYHzSLIl75Ns4hVkhzpHsu6seARtbgG7X6S9GFDBkibaZk"},"maxBodyLength":-1,"maxContentLength":-1,"method":"post","timeout":20000,"transformRequest":[null],"transformResponse":[null],"transitional":{"clarifyTimeoutError":false,"forcedJSONParsing":true,"silentJSONParsing":true},"url":"/withdraw","withCredentials":true,"xsrfCookieName":"XSRF-TOKEN","xsrfHeaderName":"X-XSRF-TOKEN"},"message":"Request failed with status code 400","name":"AxiosError","stack":"Error\n    at settle (C:\\Users\\LENOVO\\Desktop\\Projects\\pay-mass\\server\\node_modules\\axios\\lib\\core\\settle.js:19:16)\n    at handleStreamEnd (C:\\Users\\LENOVO\\Desktop\\Projects\\pay-mass\\server\\node_modules\\axios\\lib\\adapters\\http.js:599:11)\n    at emit (node:events:92:22)\n    at endReadableNT (internal:streams/readable:861:50)\n    at processTicksAndRejections (native:7:39)\n    at request (C:\\Users\\LENOVO\\Desktop\\Projects\\pay-mass\\server\\node_modules\\axios\\lib\\core\\Axios.js:45:41)\n    at processTicksAndRejections (native:7:39)","status":400},"level":"error","message":"Network error","service":"crypto-wallet-api","timestamp":"2025-08-01T03:44:40.596Z"}
{"error":{},"level":"error","message":"Session validation failed","service":"crypto-wallet-api","timestamp":"2025-08-01T03:45:53.256Z"}
{"error":{},"level":"error","message":"Authentication failed","service":"crypto-wallet-api","timestamp":"2025-08-01T03:45:53.259Z"}
{"error":{"code":"ERR_BAD_REQUEST","config":{"adapter":["xhr","http","fetch"],"allowAbsoluteUrls":true,"baseURL":"https://api.blockradar.co/v1/wallets/d73d568f-ef25-492b-b887-efa95bd958fa","data":"{\"assetId\":\"BwV7Vhb3B7SoVvcnmjh3BbPV74Ff4kVtRQ4fGaBcZxrb\",\"address\":\"81nwTHL4F6pKM3hMy7LDMH7sipF8ToWPcH4KrCUA2421\",\"amount\":20,\"reference\":\"\",\"metadata\":{\"senderId\":\"\"}}","env":{},"headers":{"Accept":"application/json, text/plain, */*","Accept-Encoding":"gzip, compress, deflate, br","Content-Length":"169","Content-Type":"application/json","User-Agent":"axios/1.11.0","x-api-key":"uiHZr7eT3C3SdrySlSYHzSLIl75Ns4hVkhzpHsu6seARtbgG7X6S9GFDBkibaZk"},"maxBodyLength":-1,"maxContentLength":-1,"method":"post","timeout":20000,"transformRequest":[null],"transformResponse":[null],"transitional":{"clarifyTimeoutError":false,"forcedJSONParsing":true,"silentJSONParsing":true},"url":"/withdraw","withCredentials":true,"xsrfCookieName":"XSRF-TOKEN","xsrfHeaderName":"X-XSRF-TOKEN"},"message":"Request failed with status code 400","name":"AxiosError","stack":"Error\n    at settle (C:\\Users\\LENOVO\\Desktop\\Projects\\pay-mass\\server\\node_modules\\axios\\lib\\core\\settle.js:19:16)\n    at handleStreamEnd (C:\\Users\\LENOVO\\Desktop\\Projects\\pay-mass\\server\\node_modules\\axios\\lib\\adapters\\http.js:599:11)\n    at emit (node:events:92:22)\n    at endReadableNT (internal:streams/readable:861:50)\n    at processTicksAndRejections (native:7:39)\n    at request (C:\\Users\\LENOVO\\Desktop\\Projects\\pay-mass\\server\\node_modules\\axios\\lib\\core\\Axios.js:45:41)\n    at processTicksAndRejections (native:7:39)","status":400},"level":"error","message":"Network error","service":"crypto-wallet-api","timestamp":"2025-08-01T03:46:45.852Z"}
{"error":{"code":"ERR_BAD_REQUEST","config":{"adapter":["xhr","http","fetch"],"allowAbsoluteUrls":true,"baseURL":"https://api.blockradar.co/v1/wallets/d73d568f-ef25-492b-b887-efa95bd958fa","data":"{\"assetId\":\"BwV7Vhb3B7SoVvcnmjh3BbPV74Ff4kVtRQ4fGaBcZxrb\",\"address\":\"81nwTHL4F6pKM3hMy7LDMH7sipF8ToWPcH4KrCUA2421\",\"amount\":20,\"reference\":\"\",\"metadata\":{\"senderId\":\"\"}}","env":{},"headers":{"Accept":"application/json, text/plain, */*","Accept-Encoding":"gzip, compress, deflate, br","Content-Length":"169","Content-Type":"application/json","User-Agent":"axios/1.11.0","x-api-key":"uiHZr7eT3C3SdrySlSYHzSLIl75Ns4hVkhzpHsu6seARtbgG7X6S9GFDBkibaZk"},"maxBodyLength":-1,"maxContentLength":-1,"method":"post","timeout":20000,"transformRequest":[null],"transformResponse":[null],"transitional":{"clarifyTimeoutError":false,"forcedJSONParsing":true,"silentJSONParsing":true},"url":"/withdraw","withCredentials":true,"xsrfCookieName":"XSRF-TOKEN","xsrfHeaderName":"X-XSRF-TOKEN"},"message":"Request failed with status code 400","name":"AxiosError","stack":"Error\n    at settle (C:\\Users\\LENOVO\\Desktop\\Projects\\pay-mass\\server\\node_modules\\axios\\lib\\core\\settle.js:19:16)\n    at handleStreamEnd (C:\\Users\\LENOVO\\Desktop\\Projects\\pay-mass\\server\\node_modules\\axios\\lib\\adapters\\http.js:599:11)\n    at emit (node:events:92:22)\n    at endReadableNT (internal:streams/readable:861:50)\n    at processTicksAndRejections (native:7:39)\n    at request (C:\\Users\\LENOVO\\Desktop\\Projects\\pay-mass\\server\\node_modules\\axios\\lib\\core\\Axios.js:45:41)\n    at processTicksAndRejections (native:7:39)","status":400},"level":"error","message":"Network error","service":"crypto-wallet-api","timestamp":"2025-08-01T03:47:30.864Z"}
{"error":{"code":"ERR_BAD_REQUEST","config":{"adapter":["xhr","http","fetch"],"allowAbsoluteUrls":true,"baseURL":"https://api.blockradar.co/v1/wallets/d73d568f-ef25-492b-b887-efa95bd958fa","data":"{\"assetId\":\"BwV7Vhb3B7SoVvcnmjh3BbPV74Ff4kVtRQ4fGaBcZxrb\",\"address\":\"81nwTHL4F6pKM3hMy7LDMH7sipF8ToWPcH4KrCUA2421\",\"amount\":20,\"reference\":\"\",\"metadata\":{\"senderId\":\"\"}}","env":{},"headers":{"Accept":"application/json, text/plain, */*","Accept-Encoding":"gzip, compress, deflate, br","Content-Length":"169","Content-Type":"application/json","User-Agent":"axios/1.11.0","x-api-key":"uiHZr7eT3C3SdrySlSYHzSLIl75Ns4hVkhzpHsu6seARtbgG7X6S9GFDBkibaZk"},"maxBodyLength":-1,"maxContentLength":-1,"method":"post","timeout":20000,"transformRequest":[null],"transformResponse":[null],"transitional":{"clarifyTimeoutError":false,"forcedJSONParsing":true,"silentJSONParsing":true},"url":"/withdraw","withCredentials":true,"xsrfCookieName":"XSRF-TOKEN","xsrfHeaderName":"X-XSRF-TOKEN"},"message":"Request failed with status code 400","name":"AxiosError","stack":"Error\n    at settle (C:\\Users\\LENOVO\\Desktop\\Projects\\pay-mass\\server\\node_modules\\axios\\lib\\core\\settle.js:19:16)\n    at handleStreamEnd (C:\\Users\\LENOVO\\Desktop\\Projects\\pay-mass\\server\\node_modules\\axios\\lib\\adapters\\http.js:599:11)\n    at emit (node:events:92:22)\n    at endReadableNT (internal:streams/readable:861:50)\n    at processTicksAndRejections (native:7:39)\n    at request (C:\\Users\\LENOVO\\Desktop\\Projects\\pay-mass\\server\\node_modules\\axios\\lib\\core\\Axios.js:45:41)\n    at processTicksAndRejections (native:7:39)","status":400},"level":"error","message":"Network error","service":"crypto-wallet-api","timestamp":"2025-08-01T03:49:15.018Z"}
{"assetId":"","error":"Insufficient balance","level":"error","message":"Withdrawal failed","service":"crypto-wallet-api","timestamp":"2025-08-01T04:47:46.288Z","userId":"75030108-60fb-4362-a3e9-5122f88d80de"}
{"assetId":"","error":"Insufficient balance","level":"error","message":"Withdrawal failed","service":"crypto-wallet-api","timestamp":"2025-08-01T04:50:10.165Z","userId":"75030108-60fb-4362-a3e9-5122f88d80de"}
{"error":"Insufficient balance","level":"error","message":"Withdraw error","service":"crypto-wallet-api","timestamp":"2025-08-01T04:50:10.168Z","userId":"75030108-60fb-4362-a3e9-5122f88d80de"}
{"assetId":"015cae8d-bc6d-4265-8ac8-9aeab959a36d","error":"Insufficient balance","level":"error","message":"Withdrawal failed","service":"crypto-wallet-api","timestamp":"2025-08-01T08:42:11.302Z","userId":"d1ab30a7-0331-4542-9e65-6d0260c444b7"}
{"error":"Insufficient balance","level":"error","message":"Withdraw error","service":"crypto-wallet-api","timestamp":"2025-08-01T08:42:11.305Z","userId":"d1ab30a7-0331-4542-9e65-6d0260c444b7"}
{"assetId":"015cae8d-bc6d-4265-8ac8-9aeab959a36d","error":"Insufficient balance","level":"error","message":"Withdrawal failed","service":"crypto-wallet-api","timestamp":"2025-08-01T08:44:16.493Z","userId":"d1ab30a7-0331-4542-9e65-6d0260c444b7"}
{"error":"Insufficient balance","level":"error","message":"Withdraw error","service":"crypto-wallet-api","timestamp":"2025-08-01T08:44:16.497Z","userId":"d1ab30a7-0331-4542-9e65-6d0260c444b7"}
{"assetId":"015cae8d-bc6d-4265-8ac8-9aeab959a36d","error":"Insufficient balance","level":"error","message":"Withdrawal failed","service":"crypto-wallet-api","timestamp":"2025-08-01T08:44:47.565Z","userId":"d1ab30a7-0331-4542-9e65-6d0260c444b7"}
{"error":"Insufficient balance","level":"error","message":"Withdraw error","service":"crypto-wallet-api","timestamp":"2025-08-01T08:44:47.567Z","userId":"d1ab30a7-0331-4542-9e65-6d0260c444b7"}
{"error":{},"level":"error","message":"Token refresh failed","service":"crypto-wallet-api","timestamp":"2025-08-01T09:45:35.573Z"}
{"error":{},"level":"error","message":"Token refresh error","service":"crypto-wallet-api","timestamp":"2025-08-01T09:45:35.579Z"}
{"error":{},"level":"error","message":"Session validation failed","service":"crypto-wallet-api","timestamp":"2025-08-01T09:48:25.172Z"}
{"error":{},"level":"error","message":"Authentication failed","service":"crypto-wallet-api","timestamp":"2025-08-01T09:48:25.183Z"}
{"error":{"clientVersion":"6.13.0","errorCode":"P1001","name":"PrismaClientInitializationError"},"level":"error","message":"Failed to start server","service":"crypto-wallet-api","timestamp":"2025-08-01T09:51:01.019Z"}
{"error":"Request failed with status code 404","level":"error","message":"Failed to get assets from BlockRadar","service":"crypto-wallet-api","timestamp":"2025-08-01T09:55:19.368Z"}
{"error":"Failed to retrieve assets","level":"error","message":"Get wallet balances error","service":"crypto-wallet-api","timestamp":"2025-08-01T09:55:19.371Z","userId":"d1ab30a7-0331-4542-9e65-6d0260c444b7"}
{"error":"Request failed with status code 404","level":"error","message":"Failed to get assets from BlockRadar","service":"crypto-wallet-api","timestamp":"2025-08-01T09:56:36.441Z"}
{"error":"Failed to retrieve assets","level":"error","message":"Get wallet balances error","service":"crypto-wallet-api","timestamp":"2025-08-01T09:56:36.445Z","userId":"d1ab30a7-0331-4542-9e65-6d0260c444b7"}
{"error":{},"level":"error","message":"Token refresh failed","service":"crypto-wallet-api","timestamp":"2025-08-01T20:13:28.142Z"}
{"error":{},"level":"error","message":"Token refresh error","service":"crypto-wallet-api","timestamp":"2025-08-01T20:13:28.143Z"}
{"email":"lanhubs.dev@gmail.com","error":{},"level":"error","message":"Login failed","service":"crypto-wallet-api","timestamp":"2025-08-01T20:18:26.076Z"}
{"error":{},"level":"error","message":"Login error","service":"crypto-wallet-api","timestamp":"2025-08-01T20:18:26.079Z"}
{"email":"lanhubs.dev@gmail.com","error":{},"level":"error","message":"Login failed","service":"crypto-wallet-api","timestamp":"2025-08-01T20:18:26.116Z"}
{"error":{},"level":"error","message":"Login error","service":"crypto-wallet-api","timestamp":"2025-08-01T20:18:26.120Z"}
{"email":"lanhubs.dev@gmail.com","error":{},"level":"error","message":"Login failed","service":"crypto-wallet-api","timestamp":"2025-08-01T20:21:54.431Z"}
{"error":{},"level":"error","message":"Login error","service":"crypto-wallet-api","timestamp":"2025-08-01T20:21:54.435Z"}
{"email":"lanhubsdev@gmail.com","error":{},"level":"error","message":"Signup failed","service":"crypto-wallet-api","timestamp":"2025-08-01T20:37:36.920Z"}
{"error":{},"level":"error","message":"Signup error","service":"crypto-wallet-api","timestamp":"2025-08-01T20:37:36.924Z"}
{"email":"lanhubsdev@gmail.com","error":{},"level":"error","message":"Signup failed","service":"crypto-wallet-api","timestamp":"2025-08-01T20:38:11.700Z"}
{"error":{},"level":"error","message":"Signup error","service":"crypto-wallet-api","timestamp":"2025-08-01T20:38:11.705Z"}
{"email":"lanhubsdev@gmail.com","error":{},"level":"error","message":"Login failed","service":"crypto-wallet-api","timestamp":"2025-08-01T20:44:32.516Z"}
{"error":{},"level":"error","message":"Login error","service":"crypto-wallet-api","timestamp":"2025-08-01T20:44:32.521Z"}
{"email":"lanhubsdev@gmail.com","error":{},"level":"error","message":"Login failed","service":"crypto-wallet-api","timestamp":"2025-08-01T20:46:30.382Z"}
{"error":{},"level":"error","message":"Login error","service":"crypto-wallet-api","timestamp":"2025-08-01T20:46:30.387Z"}
{"email":"lanhubsdev@gmail.com","error":{},"level":"error","message":"Login failed","service":"crypto-wallet-api","timestamp":"2025-08-01T20:47:42.790Z"}
{"error":{},"level":"error","message":"Login error","service":"crypto-wallet-api","timestamp":"2025-08-01T20:47:42.794Z"}
{"error":"Request failed with status code 404","level":"error","message":"Failed to get assets from BlockRadar","service":"crypto-wallet-api","timestamp":"2025-08-01T20:48:46.837Z"}
{"error":"Failed to retrieve assets","level":"error","message":"Get wallet balances error","service":"crypto-wallet-api","timestamp":"2025-08-01T20:48:46.841Z","userId":"1fa76b17-2b03-49c9-b8a1-fe16b46f2325"}
{"error":"Request failed with status code 404","level":"error","message":"Failed to get assets from BlockRadar","service":"crypto-wallet-api","timestamp":"2025-08-01T20:50:46.874Z"}
{"error":"Failed to retrieve assets","level":"error","message":"Get wallet balances error","service":"crypto-wallet-api","timestamp":"2025-08-01T20:50:46.877Z","userId":"1fa76b17-2b03-49c9-b8a1-fe16b46f2325"}
{"error":"Request failed with status code 404","level":"error","message":"Failed to get assets from BlockRadar","service":"crypto-wallet-api","timestamp":"2025-08-01T20:52:36.265Z"}
{"error":"Failed to retrieve assets","level":"error","message":"Get wallet balances error","service":"crypto-wallet-api","timestamp":"2025-08-01T20:52:36.268Z","userId":"1fa76b17-2b03-49c9-b8a1-fe16b46f2325"}
{"error":{},"level":"error","message":"Session validation failed","service":"crypto-wallet-api","timestamp":"2025-08-01T20:54:15.744Z"}
{"error":{},"level":"error","message":"Authentication failed","service":"crypto-wallet-api","timestamp":"2025-08-01T20:54:15.747Z"}
{"error":"Request failed with status code 404","level":"error","message":"Failed to get assets from BlockRadar","service":"crypto-wallet-api","timestamp":"2025-08-01T20:55:19.561Z"}
{"error":"Failed to retrieve assets","level":"error","message":"Get wallet balances error","service":"crypto-wallet-api","timestamp":"2025-08-01T20:55:19.570Z","userId":"1fa76b17-2b03-49c9-b8a1-fe16b46f2325"}
{"error":"Request failed with status code 404","level":"error","message":"Failed to get assets from BlockRadar","service":"crypto-wallet-api","timestamp":"2025-08-01T20:57:08.292Z"}
{"error":"Failed to retrieve assets","level":"error","message":"Get wallet balances error","service":"crypto-wallet-api","timestamp":"2025-08-01T20:57:08.294Z","userId":"1fa76b17-2b03-49c9-b8a1-fe16b46f2325"}
{"error":"Request failed with status code 404","level":"error","message":"Failed to get assets from BlockRadar","service":"crypto-wallet-api","timestamp":"2025-08-01T20:59:03.696Z"}
{"error":"Failed to retrieve assets","level":"error","message":"Get wallet balances error","service":"crypto-wallet-api","timestamp":"2025-08-01T20:59:03.699Z","userId":"1fa76b17-2b03-49c9-b8a1-fe16b46f2325"}
{"error":{},"level":"error","message":"Session validation failed","service":"crypto-wallet-api","timestamp":"2025-08-01T21:12:22.691Z"}
{"error":{},"level":"error","message":"Authentication failed","service":"crypto-wallet-api","timestamp":"2025-08-01T21:12:22.696Z"}
{"error":{},"level":"error","message":"Session validation failed","service":"crypto-wallet-api","timestamp":"2025-08-01T21:12:56.499Z"}
{"error":{},"level":"error","message":"Authentication failed","service":"crypto-wallet-api","timestamp":"2025-08-01T21:12:56.501Z"}
{"error":{"clientVersion":"6.13.0","errorCode":"P1001","name":"PrismaClientInitializationError"},"level":"error","message":"Failed to start server","service":"crypto-wallet-api","timestamp":"2025-08-01T21:13:13.733Z"}
{"error":{},"level":"error","message":"Session validation failed","service":"crypto-wallet-api","timestamp":"2025-08-01T21:14:08.012Z"}
{"error":{},"level":"error","message":"Authentication failed","service":"crypto-wallet-api","timestamp":"2025-08-01T21:14:08.017Z"}
{"error":{},"level":"error","message":"Session validation failed","service":"crypto-wallet-api","timestamp":"2025-08-01T21:15:53.639Z"}
{"error":{},"level":"error","message":"Authentication failed","service":"crypto-wallet-api","timestamp":"2025-08-01T21:15:53.644Z"}
{"error":{},"level":"error","message":"Session validation failed","service":"crypto-wallet-api","timestamp":"2025-08-01T21:16:34.572Z"}
{"error":{},"level":"error","message":"Authentication failed","service":"crypto-wallet-api","timestamp":"2025-08-01T21:16:34.575Z"}
{"error":{},"level":"error","message":"Session validation failed","service":"crypto-wallet-api","timestamp":"2025-08-01T21:17:13.296Z"}
{"error":{},"level":"error","message":"Authentication failed","service":"crypto-wallet-api","timestamp":"2025-08-01T21:17:13.298Z"}
{"error":{},"level":"error","message":"Session validation failed","service":"crypto-wallet-api","timestamp":"2025-08-01T21:17:45.338Z"}
{"error":{},"level":"error","message":"Authentication failed","service":"crypto-wallet-api","timestamp":"2025-08-01T21:17:45.341Z"}
{"error":"Request failed with status code 404","level":"error","message":"Failed to get assets from BlockRadar","service":"crypto-wallet-api","timestamp":"2025-08-01T21:18:45.828Z"}
{"error":"Failed to retrieve assets","level":"error","message":"Get wallet balances error","service":"crypto-wallet-api","timestamp":"2025-08-01T21:18:45.830Z","userId":"1fa76b17-2b03-49c9-b8a1-fe16b46f2325"}
{"error":{},"level":"error","message":"Session validation failed","service":"crypto-wallet-api","timestamp":"2025-08-01T21:35:52.976Z"}
{"error":{},"level":"error","message":"Authentication failed","service":"crypto-wallet-api","timestamp":"2025-08-01T21:35:52.998Z"}
{"error":"Request failed with status code 404","level":"error","message":"Failed to get assets from BlockRadar","service":"crypto-wallet-api","timestamp":"2025-08-01T21:59:49.780Z"}
{"error":"Failed to retrieve assets","level":"error","message":"Get wallet balances error","service":"crypto-wallet-api","timestamp":"2025-08-01T21:59:49.784Z","userId":"1fa76b17-2b03-49c9-b8a1-fe16b46f2325"}
{"error":"Request failed with status code 404","level":"error","message":"Failed to get assets from BlockRadar","service":"crypto-wallet-api","timestamp":"2025-08-01T22:00:49.167Z"}
{"error":"Failed to retrieve assets","level":"error","message":"Get wallet balances error","service":"crypto-wallet-api","timestamp":"2025-08-01T22:00:49.170Z","userId":"1fa76b17-2b03-49c9-b8a1-fe16b46f2325"}
{"error":"Request failed with status code 404","level":"error","message":"Failed to get assets from BlockRadar","service":"crypto-wallet-api","timestamp":"2025-08-01T22:01:43.782Z"}
{"error":"Failed to retrieve assets","level":"error","message":"Get wallet balances error","service":"crypto-wallet-api","timestamp":"2025-08-01T22:01:43.786Z","userId":"1fa76b17-2b03-49c9-b8a1-fe16b46f2325"}
{"error":"Request failed with status code 404","level":"error","message":"Failed to get assets from BlockRadar","service":"crypto-wallet-api","timestamp":"2025-08-01T22:03:19.261Z"}
{"error":"Failed to retrieve assets","level":"error","message":"Get wallet balances error","service":"crypto-wallet-api","timestamp":"2025-08-01T22:03:19.264Z","userId":"1fa76b17-2b03-49c9-b8a1-fe16b46f2325"}
{"error":"Request failed with status code 404","level":"error","message":"Failed to get assets from BlockRadar","service":"crypto-wallet-api","timestamp":"2025-08-01T22:07:50.278Z"}
{"error":"Failed to retrieve assets","level":"error","message":"Get wallet balances error","service":"crypto-wallet-api","timestamp":"2025-08-01T22:07:50.282Z","userId":"1fa76b17-2b03-49c9-b8a1-fe16b46f2325"}
{"error":"Request failed with status code 404","level":"error","message":"Failed to get assets from BlockRadar","service":"crypto-wallet-api","timestamp":"2025-08-01T22:08:51.319Z"}
{"error":"Failed to retrieve assets","level":"error","message":"Get wallet balances error","service":"crypto-wallet-api","timestamp":"2025-08-01T22:08:51.321Z","userId":"1fa76b17-2b03-49c9-b8a1-fe16b46f2325"}
{"error":{"clientVersion":"6.13.0","errorCode":"P1001","name":"PrismaClientInitializationError"},"level":"error","message":"Failed to start server","service":"crypto-wallet-api","timestamp":"2025-08-01T22:31:32.048Z"}
{"error":{"clientVersion":"6.13.0","errorCode":"P1001","name":"PrismaClientInitializationError"},"level":"error","message":"Failed to start server","service":"crypto-wallet-api","timestamp":"2025-08-01T22:40:22.545Z"}
{"address":"81nwTHL4F6pKM3hMy7LDMH7sipF8ToWPcH4KrCUA2421","amount":50,"assetId":"0ad2af5d-ff83-4fea-bf15-3c6ff028adc5","error":"Request failed with status code 404","level":"error","message":"Failed to get withdrawal network fee from BlockRadar","service":"crypto-wallet-api","timestamp":"2025-08-01T23:05:33.226Z"}
{"error":"Failed to retrieve withdrawal network fee","level":"error","message":"Get withdrawal network fee error","service":"crypto-wallet-api","timestamp":"2025-08-01T23:05:33.228Z","userId":"1fa76b17-2b03-49c9-b8a1-fe16b46f2325"}
{"address":"81nwTHL4F6pKM3hMy7LDMH7sipF8ToWPcH4KrCUA2421","amount":50,"assetId":"0ad2af5d-ff83-4fea-bf15-3c6ff028adc5","error":"Request failed with status code 404","level":"error","message":"Failed to get withdrawal network fee from BlockRadar","service":"crypto-wallet-api","timestamp":"2025-08-01T23:11:12.580Z"}
{"error":"Failed to retrieve withdrawal network fee","level":"error","message":"Get withdrawal network fee error","service":"crypto-wallet-api","timestamp":"2025-08-01T23:11:12.581Z","userId":"1fa76b17-2b03-49c9-b8a1-fe16b46f2325"}
{"address":"81nwTHL4F6pKM3hMy7LDMH7sipF8ToWPcH4KrCUA2421","amount":50,"assetId":"0ad2af5d-ff83-4fea-bf15-3c6ff028adc5","error":"Request failed with status code 404","level":"error","message":"Failed to get withdrawal network fee from BlockRadar","service":"crypto-wallet-api","timestamp":"2025-08-01T23:12:30.370Z"}
{"error":"Failed to retrieve withdrawal network fee","level":"error","message":"Get withdrawal network fee error","service":"crypto-wallet-api","timestamp":"2025-08-01T23:12:30.372Z","userId":"1fa76b17-2b03-49c9-b8a1-fe16b46f2325"}
{"error":{},"level":"error","message":"Session validation failed","service":"crypto-wallet-api","timestamp":"2025-08-01T23:19:00.254Z"}
{"error":{},"level":"error","message":"Authentication failed","service":"crypto-wallet-api","timestamp":"2025-08-01T23:19:00.256Z"}
{"address":"81nwTHL4F6pKM3hMy7LDMH7sipF8ToWPcH4KrCUA2421","amount":50,"assetId":"0ad2af5d-ff83-4fea-bf15-3c6ff028adc5","error":"Request failed with status code 404","level":"error","message":"Failed to get withdrawal network fee from BlockRadar","service":"crypto-wallet-api","timestamp":"2025-08-01T23:19:57.201Z"}
{"error":"Failed to retrieve withdrawal network fee","level":"error","message":"Get withdrawal network fee error","service":"crypto-wallet-api","timestamp":"2025-08-01T23:19:57.202Z","userId":"1fa76b17-2b03-49c9-b8a1-fe16b46f2325"}
{"address":"81nwTHL4F6pKM3hMy7LDMH7sipF8ToWPcH4KrCUA2421","amount":50,"assetId":"0ad2af5d-ff83-4fea-bf15-3c6ff028adc5","error":"Request failed with status code 404","level":"error","message":"Failed to get withdrawal network fee from BlockRadar","service":"crypto-wallet-api","timestamp":"2025-08-01T23:22:46.150Z"}
{"error":"Failed to retrieve withdrawal network fee","level":"error","message":"Get withdrawal network fee error","service":"crypto-wallet-api","timestamp":"2025-08-01T23:22:46.151Z","userId":"1fa76b17-2b03-49c9-b8a1-fe16b46f2325"}
{"address":"81nwTHL4F6pKM3hMy7LDMH7sipF8ToWPcH4KrCUA2421","amount":50,"assetId":"0ad2af5d-ff83-4fea-bf15-3c6ff028adc5","error":"Request failed with status code 404","level":"error","message":"Failed to get withdrawal network fee from BlockRadar","service":"crypto-wallet-api","timestamp":"2025-08-01T23:23:40.157Z"}
{"error":"Failed to retrieve withdrawal network fee","level":"error","message":"Get withdrawal network fee error","service":"crypto-wallet-api","timestamp":"2025-08-01T23:23:40.158Z","userId":"1fa76b17-2b03-49c9-b8a1-fe16b46f2325"}
{"address":"81nwTHL4F6pKM3hMy7LDMH7sipF8ToWPcH4KrCUA2421","amount":50,"assetId":"0ad2af5d-ff83-4fea-bf15-3c6ff028adc5","error":"Request failed with status code 404","level":"error","message":"Failed to get withdrawal network fee from BlockRadar","service":"crypto-wallet-api","timestamp":"2025-08-01T23:24:13.725Z"}
{"error":"Failed to retrieve withdrawal network fee","level":"error","message":"Get withdrawal network fee error","service":"crypto-wallet-api","timestamp":"2025-08-01T23:24:13.726Z","userId":"1fa76b17-2b03-49c9-b8a1-fe16b46f2325"}
{"address":"81nwTHL4F6pKM3hMy7LDMH7sipF8ToWPcH4KrCUA2421","amount":50,"assetId":"0ad2af5d-ff83-4fea-bf15-3c6ff028adc5","error":"Request failed with status code 400","level":"error","message":"Failed to get withdrawal network fee from BlockRadar","service":"crypto-wallet-api","timestamp":"2025-08-01T23:24:41.280Z"}
{"error":"Failed to retrieve withdrawal network fee","level":"error","message":"Get withdrawal network fee error","service":"crypto-wallet-api","timestamp":"2025-08-01T23:24:41.283Z","userId":"1fa76b17-2b03-49c9-b8a1-fe16b46f2325"}
{"address":"81nwTHL4F6pKM3hMy7LDMH7sipF8ToWPcH4KrCUA2421","amount":50,"assetId":"0ad2af5d-ff83-4fea-bf15-3c6ff028adc5","error":"Request failed with status code 400","level":"error","message":"Failed to get withdrawal network fee from BlockRadar","service":"crypto-wallet-api","timestamp":"2025-08-01T23:27:40.889Z"}
{"error":"Failed to retrieve withdrawal network fee","level":"error","message":"Get withdrawal network fee error","service":"crypto-wallet-api","timestamp":"2025-08-01T23:27:40.892Z","userId":"1fa76b17-2b03-49c9-b8a1-fe16b46f2325"}
{"error":{},"level":"error","message":"Session validation failed","service":"crypto-wallet-api","timestamp":"2025-08-01T23:35:25.740Z"}
{"error":{},"level":"error","message":"Authentication failed","service":"crypto-wallet-api","timestamp":"2025-08-01T23:35:25.741Z"}
{"address":"81nwTHL4F6pKM3hMy7LDMH7sipF8ToWPcH4KrCUA2421","amount":50,"assetId":"0ad2af5d-ff83-4fea-bf15-3c6ff028adc5","error":"Request failed with status code 400","level":"error","message":"Failed to get withdrawal network fee from BlockRadar","service":"crypto-wallet-api","timestamp":"2025-08-01T23:36:09.373Z"}
{"error":"Failed to retrieve withdrawal network fee","level":"error","message":"Get withdrawal network fee error","service":"crypto-wallet-api","timestamp":"2025-08-01T23:36:09.381Z","userId":"1fa76b17-2b03-49c9-b8a1-fe16b46f2325"}
{"address":"81nwTHL4F6pKM3hMy7LDMH7sipF8ToWPcH4KrCUA2421","amount":50,"assetId":"0ad2af5d-ff83-4fea-bf15-3c6ff028adc5","error":"Request failed with status code 400","level":"error","message":"Failed to get withdrawal network fee from BlockRadar","service":"crypto-wallet-api","timestamp":"2025-08-01T23:41:56.955Z"}
{"error":"Failed to retrieve withdrawal network fee","level":"error","message":"Get withdrawal network fee error","service":"crypto-wallet-api","timestamp":"2025-08-01T23:41:56.959Z","userId":"1fa76b17-2b03-49c9-b8a1-fe16b46f2325"}
{"email":"lanhubs.dev@gmail.com","error":{},"level":"error","message":"Login failed","service":"wallet-server","timestamp":"2025-08-03T22:15:21.625Z"}
{"error":"Invalid credentials","level":"error","message":"Login error","service":"wallet-server","timestamp":"2025-08-03T22:15:21.631Z"}
{"error":"Request failed with status code 401","level":"error","message":"Failed to generate wallet address from BlockRadar API","service":"wallet-server","timestamp":"2025-08-03T23:07:50.632Z","userId":"488a165d-a62c-45b3-9f3f-4663c4bbbad9"}
{"error":{},"level":"error","message":"Failed to create user wallets with BlockRadar","service":"wallet-server","timestamp":"2025-08-03T23:07:50.635Z","userId":"488a165d-a62c-45b3-9f3f-4663c4bbbad9"}
{"error":{},"level":"error","message":"Failed to create user wallets during registration","service":"wallet-server","timestamp":"2025-08-03T23:07:50.640Z","userId":"488a165d-a62c-45b3-9f3f-4663c4bbbad9"}
{"email":"lanhubs.dev@gmail.com","error":{},"level":"error","message":"Login failed","service":"wallet-server","timestamp":"2025-08-03T23:08:07.773Z"}
{"clientIP":"::1","email":"lanhubs.dev@gmail.com","error":"Invalid credentials","level":"error","message":"Login error","service":"wallet-server","timestamp":"2025-08-03T23:08:07.777Z"}
{"email":"lanhubsdev@gmail.com","error":{},"level":"error","message":"Registration failed","service":"wallet-server","timestamp":"2025-08-03T23:08:51.837Z"}
{"clientIP":"::1","email":"lanhubsdev@gmail.com","error":"User already exists with this email","level":"error","message":"Registration error","service":"wallet-server","timestamp":"2025-08-03T23:08:51.841Z"}
{"email":"lanhubs.dev@gmail.com","error":{"clientVersion":"6.13.0","name":"PrismaClientInitializationError"},"level":"error","message":"Login failed","service":"wallet-server","timestamp":"2025-08-04T12:52:33.476Z"}
{"clientIP":"::1","email":"lanhubs.dev@gmail.com","error":"\nInvalid `prisma.user.findUnique()` invocation in\nC:\\Users\\LENOVO\\Desktop\\Projects\\pay-mass\\server\\src\\services\\authService.ts:124:38\n\n  121 \n  122 static async login(credentials: LoginRequest, deviceInfo?: { ip: string; userAgent: string }) {\n  123   try {\n 124     const user = await prisma.user.findUnique(\nCan't reach database server at `pg-29d72aea-searchere-db.k.aivencloud.com:23968`\n\nPlease make sure your database server is running at `pg-29d72aea-searchere-db.k.aivencloud.com:23968`.","level":"error","message":"Login error","service":"wallet-server","timestamp":"2025-08-04T12:52:33.477Z"}
{"email":"lanhubs.dev@gmail.com","error":{"clientVersion":"6.13.0","name":"PrismaClientInitializationError"},"level":"error","message":"Registration failed","service":"wallet-server","timestamp":"2025-08-04T12:53:17.824Z"}
{"clientIP":"::1","email":"lanhubs.dev@gmail.com","error":"\nInvalid `prisma.user.findUnique()` invocation in\nC:\\Users\\LENOVO\\Desktop\\Projects\\pay-mass\\server\\src\\services\\authService.ts:50:46\n\n  47 \n  48 static async register(userData: RegisterRequest, deviceInfo?: { ip: string; userAgent: string }) {\n  49   try {\n 50     const existingUser = await prisma.user.findUnique(\nCan't reach database server at `pg-29d72aea-searchere-db.k.aivencloud.com:23968`\n\nPlease make sure your database server is running at `pg-29d72aea-searchere-db.k.aivencloud.com:23968`.","level":"error","message":"Registration error","service":"wallet-server","timestamp":"2025-08-04T12:53:17.825Z"}
{"error":"Request failed with status code 401","level":"error","message":"Failed to generate wallet address from BlockRadar API","service":"wallet-server","timestamp":"2025-08-04T12:54:24.474Z","userId":"86224a09-a825-4168-8745-8f5487143933"}
{"error":{},"level":"error","message":"Failed to create user wallets with BlockRadar","service":"wallet-server","timestamp":"2025-08-04T12:54:24.475Z","userId":"86224a09-a825-4168-8745-8f5487143933"}
{"error":{},"level":"error","message":"Failed to create user wallets during registration","service":"wallet-server","timestamp":"2025-08-04T12:54:24.476Z","userId":"86224a09-a825-4168-8745-8f5487143933"}
{"error":"Request failed with status code 401","level":"error","message":"Failed to generate wallet address from BlockRadar API","service":"wallet-server","timestamp":"2025-08-04T13:03:46.602Z","userId":"5c912e90-f017-4bc1-bf70-a9278ae18dc8"}
{"error":{},"level":"error","message":"Failed to create user wallets with BlockRadar","service":"wallet-server","timestamp":"2025-08-04T13:03:46.604Z","userId":"5c912e90-f017-4bc1-bf70-a9278ae18dc8"}
{"email":"lanhubs.dev@gmail.com","error":{},"level":"error","message":"Registration failed","service":"wallet-server","timestamp":"2025-08-04T13:03:46.605Z"}
{"clientIP":"::1","email":"lanhubs.dev@gmail.com","error":"Wallet creation failed - BlockRadar API unavailable","level":"error","message":"Registration error","service":"wallet-server","timestamp":"2025-08-04T13:03:46.606Z"}
{"error":"Request failed with status code 401","level":"error","message":"Failed to generate wallet address from BlockRadar API","service":"wallet-server","timestamp":"2025-08-04T13:08:12.531Z","userId":"189ecb68-9063-49e8-8698-5e6a48ab3129"}
{"error":{},"level":"error","message":"Failed to create user wallets with BlockRadar","service":"wallet-server","timestamp":"2025-08-04T13:08:12.533Z","userId":"189ecb68-9063-49e8-8698-5e6a48ab3129"}
{"email":"lanhubs.dev@gmail.com","error":{},"level":"error","message":"Registration failed","service":"wallet-server","timestamp":"2025-08-04T13:08:12.535Z"}
{"clientIP":"::1","email":"lanhubs.dev@gmail.com","error":"Wallet creation failed - BlockRadar API unavailable","level":"error","message":"Registration error","service":"wallet-server","timestamp":"2025-08-04T13:08:12.536Z"}
{"error":"Request failed with status code 401","level":"error","message":"Failed to generate wallet address from BlockRadar API","service":"wallet-server","timestamp":"2025-08-04T13:09:57.557Z","userId":"919fe2fb-9395-4e9c-b22d-9a6264c189fa"}
{"error":{},"level":"error","message":"Failed to create user wallets with BlockRadar","service":"wallet-server","timestamp":"2025-08-04T13:09:57.558Z","userId":"919fe2fb-9395-4e9c-b22d-9a6264c189fa"}
{"email":"lanhubs.dev@gmail.com","error":{},"level":"error","message":"Registration failed","service":"wallet-server","timestamp":"2025-08-04T13:09:57.559Z"}
{"clientIP":"::1","email":"lanhubs.dev@gmail.com","error":"Wallet creation failed - BlockRadar API unavailable","level":"error","message":"Registration error","service":"wallet-server","timestamp":"2025-08-04T13:09:57.559Z"}
